<?xml version="1.0" encoding="UTF-8"?>
<testng-results ignored="0" total="10" passed="10" failed="0" skipped="0">
  <reporter-output>
  </reporter-output>
  <suite started-at="2026-08-12T12:07:03 IST" name="Default suite" finished-at="2026-08-12T12:10:01 IST" duration-ms="177322">
    <groups>
      <group name="cucumber">
        <method signature="AbstractTestNGCucumberTests.runScenario(io.cucumber.testng.PickleWrapper,io.cucumber.testng.FeatureWrapper)[pri:0, instance:runner.TestNGRunner@9597028]" name="runScenario" class="io.cucumber.testng.AbstractTestNGCucumberTests"/>
      </group> <!-- cucumber -->
    </groups>
    <test started-at="2026-08-12T12:07:03 IST" name="Default test" finished-at="2026-08-12T12:10:01 IST" duration-ms="177322">
      <class name="runner.TestNGRunner">
        <test-method is-config="true" signature="setUpClass(org.testng.ITestContext)[pri:0, instance:runner.TestNGRunner@9597028]" started-at="2026-08-12T12:07:03 IST" name="setUpClass" finished-at="2026-08-12T12:07:04 IST" duration-ms="863" status="PASS">
          <params>
            <param index="0">
              <value>
                <![CDATA[org.testng.TestRunner@6bce313]]>
              </value>
            </param>
          </params>
          <reporter-output>
          </reporter-output>
        </test-method> <!-- setUpClass -->
        <test-method signature="runScenario(io.cucumber.testng.PickleWrapper,io.cucumber.testng.FeatureWrapper)[pri:0, instance:runner.TestNGRunner@9597028]" started-at="2026-08-12T12:07:04 IST" name="runScenario" description="Runs Cucumber Scenarios" data-provider="scenarios" finished-at="2026-08-12T12:07:27 IST" duration-ms="23184" status="PASS">
          <params>
            <param index="0">
              <value>
                <![CDATA["Login with different users from Excel"]]>
              </value>
            </param>
            <param index="1">
              <value>
                <![CDATA["SwagLabs Login Functionality"]]>
              </value>
            </param>
          </params>
          <reporter-output>
          </reporter-output>
        </test-method> <!-- runScenario -->
        <test-method signature="runScenario(io.cucumber.testng.PickleWrapper,io.cucumber.testng.FeatureWrapper)[pri:0, instance:runner.TestNGRunner@9597028]" started-at="2026-08-12T12:07:27 IST" name="runScenario" description="Runs Cucumber Scenarios" data-provider="scenarios" finished-at="2026-08-12T12:07:45 IST" duration-ms="17131" status="PASS">
          <params>
            <param index="0">
              <value>
                <![CDATA["Login with different users from Excel"]]>
              </value>
            </param>
            <param index="1">
              <value>
                <![CDATA["SwagLabs Login Functionality"]]>
              </value>
            </param>
          </params>
          <reporter-output>
          </reporter-output>
        </test-method> <!-- runScenario -->
        <test-method signature="runScenario(io.cucumber.testng.PickleWrapper,io.cucumber.testng.FeatureWrapper)[pri:0, instance:runner.TestNGRunner@9597028]" started-at="2026-08-12T12:07:45 IST" name="runScenario" description="Runs Cucumber Scenarios" data-provider="scenarios" finished-at="2026-08-12T12:08:01 IST" duration-ms="16818" status="PASS">
          <params>
            <param index="0">
              <value>
                <![CDATA["Login with different users from Excel"]]>
              </value>
            </param>
            <param index="1">
              <value>
                <![CDATA["SwagLabs Login Functionality"]]>
              </value>
            </param>
          </params>
          <reporter-output>
          </reporter-output>
        </test-method> <!-- runScenario -->
        <test-method signature="runScenario(io.cucumber.testng.PickleWrapper,io.cucumber.testng.FeatureWrapper)[pri:0, instance:runner.TestNGRunner@9597028]" started-at="2026-08-12T12:08:01 IST" name="runScenario" description="Runs Cucumber Scenarios" data-provider="scenarios" finished-at="2026-08-12T12:08:18 IST" duration-ms="17032" status="PASS">
          <params>
            <param index="0">
              <value>
                <![CDATA["Login with different users from Excel"]]>
              </value>
            </param>
            <param index="1">
              <value>
                <![CDATA["SwagLabs Login Functionality"]]>
              </value>
            </param>
          </params>
          <reporter-output>
          </reporter-output>
        </test-method> <!-- runScenario -->
        <test-method signature="runScenario(io.cucumber.testng.PickleWrapper,io.cucumber.testng.FeatureWrapper)[pri:0, instance:runner.TestNGRunner@9597028]" started-at="2026-08-12T12:08:18 IST" name="runScenario" description="Runs Cucumber Scenarios" data-provider="scenarios" finished-at="2026-08-12T12:08:35 IST" duration-ms="16750" status="PASS">
          <params>
            <param index="0">
              <value>
                <![CDATA["Login with different users from Excel"]]>
              </value>
            </param>
            <param index="1">
              <value>
                <![CDATA["SwagLabs Login Functionality"]]>
              </value>
            </param>
          </params>
          <reporter-output>
          </reporter-output>
        </test-method> <!-- runScenario -->
        <test-method signature="runScenario(io.cucumber.testng.PickleWrapper,io.cucumber.testng.FeatureWrapper)[pri:0, instance:runner.TestNGRunner@9597028]" started-at="2026-08-12T12:08:35 IST" name="runScenario" description="Runs Cucumber Scenarios" data-provider="scenarios" finished-at="2026-08-12T12:08:52 IST" duration-ms="17130" status="PASS">
          <params>
            <param index="0">
              <value>
                <![CDATA["Login with different users from Excel"]]>
              </value>
            </param>
            <param index="1">
              <value>
                <![CDATA["SwagLabs Login Functionality"]]>
              </value>
            </param>
          </params>
          <reporter-output>
          </reporter-output>
        </test-method> <!-- runScenario -->
        <test-method signature="runScenario(io.cucumber.testng.PickleWrapper,io.cucumber.testng.FeatureWrapper)[pri:0, instance:runner.TestNGRunner@9597028]" started-at="2026-08-12T12:08:52 IST" name="runScenario" description="Runs Cucumber Scenarios" data-provider="scenarios" finished-at="2026-08-12T12:09:09 IST" duration-ms="16954" status="PASS">
          <params>
            <param index="0">
              <value>
                <![CDATA["Login with different users from Excel"]]>
              </value>
            </param>
            <param index="1">
              <value>
                <![CDATA["SwagLabs Login Functionality"]]>
              </value>
            </param>
          </params>
          <reporter-output>
          </reporter-output>
        </test-method> <!-- runScenario -->
        <test-method signature="runScenario(io.cucumber.testng.PickleWrapper,io.cucumber.testng.FeatureWrapper)[pri:0, instance:runner.TestNGRunner@9597028]" started-at="2026-08-12T12:09:09 IST" name="runScenario" description="Runs Cucumber Scenarios" data-provider="scenarios" finished-at="2026-08-12T12:09:26 IST" duration-ms="16834" status="PASS">
          <params>
            <param index="0">
              <value>
                <![CDATA["Login with different users from Excel"]]>
              </value>
            </param>
            <param index="1">
              <value>
                <![CDATA["SwagLabs Login Functionality"]]>
              </value>
            </param>
          </params>
          <reporter-output>
          </reporter-output>
        </test-method> <!-- runScenario -->
        <test-method signature="runScenario(io.cucumber.testng.PickleWrapper,io.cucumber.testng.FeatureWrapper)[pri:0, instance:runner.TestNGRunner@9597028]" started-at="2026-08-12T12:09:26 IST" name="runScenario" description="Runs Cucumber Scenarios" data-provider="scenarios" finished-at="2026-08-12T12:09:43 IST" duration-ms="17293" status="PASS">
          <params>
            <param index="0">
              <value>
                <![CDATA["Login with different users from Excel"]]>
              </value>
            </param>
            <param index="1">
              <value>
                <![CDATA["SwagLabs Login Functionality"]]>
              </value>
            </param>
          </params>
          <reporter-output>
          </reporter-output>
        </test-method> <!-- runScenario -->
        <test-method signature="runScenario(io.cucumber.testng.PickleWrapper,io.cucumber.testng.FeatureWrapper)[pri:0, instance:runner.TestNGRunner@9597028]" started-at="2026-08-12T12:09:43 IST" name="runScenario" description="Runs Cucumber Scenarios" data-provider="scenarios" finished-at="2026-08-12T12:10:01 IST" duration-ms="17219" status="PASS">
          <params>
            <param index="0">
              <value>
                <![CDATA["Login with different users from Excel"]]>
              </value>
            </param>
            <param index="1">
              <value>
                <![CDATA["SwagLabs Login Functionality"]]>
              </value>
            </param>
          </params>
          <reporter-output>
          </reporter-output>
        </test-method> <!-- runScenario -->
        <test-method is-config="true" signature="tearDownClass()[pri:0, instance:runner.TestNGRunner@9597028]" started-at="2026-08-12T12:10:01 IST" name="tearDownClass" finished-at="2026-08-12T12:10:01 IST" duration-ms="25" status="PASS">
          <reporter-output>
          </reporter-output>
        </test-method> <!-- tearDownClass -->
      </class> <!-- runner.TestNGRunner -->
    </test> <!-- Default test -->
  </suite> <!-- Default suite -->
</testng-results>
