<?xml version="1.0" encoding="UTF-8"?>
<!-- Generated by org.testng.reporters.JUnitReportReporter -->
<testsuite hostname="DESKTOP-DCUKDOL" failures="0" tests="10" name="test.TestClass" time="76.235" errors="0" timestamp="2026-08-06T11:57:38 IST" skipped="0">
  <testcase classname="test.TestClass" name="loginTest" time="7.313"/>
  <testcase classname="test.TestClass" name="loginTest" time="7.763"/>
  <testcase classname="test.TestClass" name="loginTest" time="7.554"/>
  <testcase classname="test.TestClass" name="loginTest" time="7.561"/>
  <testcase classname="test.TestClass" name="loginTest" time="7.575"/>
  <testcase classname="test.TestClass" name="loginTest" time="7.541"/>
  <testcase classname="test.TestClass" name="loginTest" time="7.492"/>
  <testcase classname="test.TestClass" name="loginTest" time="8.574"/>
  <testcase classname="test.TestClass" name="loginTest" time="7.652"/>
  <testcase classname="test.TestClass" name="loginTest" time="7.210"/>
</testsuite> <!-- test.TestClass -->
