<?xml version="1.0" encoding="UTF-8"?>
<testng-results ignored="0" total="7" passed="7" failed="0" skipped="0">
  <reporter-output>
  </reporter-output>
  <suite started-at="2026-08-04T12:05:46 IST" name="Default suite" finished-at="2026-08-04T12:07:14 IST" duration-ms="88178">
    <groups>
    </groups>
    <test started-at="2026-08-04T12:05:46 IST" name="Default test" finished-at="2026-08-04T12:07:14 IST" duration-ms="88178">
      <class name="dataDrivenFrameWork.SwagLogin_MultipleTestData_InsideScript_Without_DataPrivider_WithoutAnnotations">
        <test-method signature="Swag_ValidValidLogin()[pri:0, instance:dataDrivenFrameWork.SwagLogin_MultipleTestData_InsideScript_Without_DataPrivider_WithoutAnnotations@1a451d4d]" started-at="2026-08-04T12:05:46 IST" name="Swag_ValidValidLogin" finished-at="2026-08-04T12:05:59 IST" duration-ms="13602" status="PASS">
          <reporter-output>
          </reporter-output>
        </test-method> <!-- Swag_ValidValidLogin -->
        <test-method signature="Swag_ValidInValidLogin()[pri:1, instance:dataDrivenFrameWork.SwagLogin_MultipleTestData_InsideScript_Without_DataPrivider_WithoutAnnotations@1a451d4d]" started-at="2026-08-04T12:05:59 IST" name="Swag_ValidInValidLogin" finished-at="2026-08-04T12:06:12 IST" duration-ms="12428" status="PASS">
          <reporter-output>
          </reporter-output>
        </test-method> <!-- Swag_ValidInValidLogin -->
        <test-method signature="Swag_InvalidValidLogin()[pri:2, instance:dataDrivenFrameWork.SwagLogin_MultipleTestData_InsideScript_Without_DataPrivider_WithoutAnnotations@1a451d4d]" started-at="2026-08-04T12:06:12 IST" name="Swag_InvalidValidLogin" finished-at="2026-08-04T12:06:24 IST" duration-ms="12404" status="PASS">
          <reporter-output>
          </reporter-output>
        </test-method> <!-- Swag_InvalidValidLogin -->
        <test-method signature="Swag_InvalidInValidLogin()[pri:3, instance:dataDrivenFrameWork.SwagLogin_MultipleTestData_InsideScript_Without_DataPrivider_WithoutAnnotations@1a451d4d]" started-at="2026-08-04T12:06:24 IST" name="Swag_InvalidInValidLogin" finished-at="2026-08-04T12:06:37 IST" duration-ms="12403" status="PASS">
          <reporter-output>
          </reporter-output>
        </test-method> <!-- Swag_InvalidInValidLogin -->
        <test-method signature="Swag_ValidBlankLogin()[pri:4, instance:dataDrivenFrameWork.SwagLogin_MultipleTestData_InsideScript_Without_DataPrivider_WithoutAnnotations@1a451d4d]" started-at="2026-08-04T12:06:37 IST" name="Swag_ValidBlankLogin" finished-at="2026-08-04T12:06:49 IST" duration-ms="12407" status="PASS">
          <reporter-output>
          </reporter-output>
        </test-method> <!-- Swag_ValidBlankLogin -->
        <test-method signature="Swag_BlankValidLogin()[pri:5, instance:dataDrivenFrameWork.SwagLogin_MultipleTestData_InsideScript_Without_DataPrivider_WithoutAnnotations@1a451d4d]" started-at="2026-08-04T12:06:49 IST" name="Swag_BlankValidLogin" finished-at="2026-08-04T12:07:01 IST" duration-ms="12442" status="PASS">
          <reporter-output>
          </reporter-output>
        </test-method> <!-- Swag_BlankValidLogin -->
        <test-method signature="Swag_BlankLogin()[pri:6, instance:dataDrivenFrameWork.SwagLogin_MultipleTestData_InsideScript_Without_DataPrivider_WithoutAnnotations@1a451d4d]" started-at="2026-08-04T12:07:01 IST" name="Swag_BlankLogin" finished-at="2026-08-04T12:07:14 IST" duration-ms="12433" status="PASS">
          <reporter-output>
          </reporter-output>
        </test-method> <!-- Swag_BlankLogin -->
      </class> <!-- dataDrivenFrameWork.SwagLogin_MultipleTestData_InsideScript_Without_DataPrivider_WithoutAnnotations -->
    </test> <!-- Default test -->
  </suite> <!-- Default suite -->
</testng-results>
