<?xml version="1.0" encoding="UTF-8"?>
<!-- Generated by org.testng.reporters.JUnitXMLReporter -->
<testsuite ignored="0" hostname="DESKTOP-DCUKDOL" failures="0" tests="2" name="Swag_AllTests(failed)" time="28.19" errors="0" timestamp="2026-07-27T12:03:35 IST">
  <testcase classname="testNg_Suit.Swag_InValidLogin" name="Swag_InValidInValidLogin" time="6.546"/>
  <testcase classname="testNg_Suit.Swag_BlankLogin" name="Swag_BlankBlankLogin" time="6.469"/>
</testsuite> <!-- Swag_AllTests(failed) -->
