<?xml version="1.0" encoding="UTF-8"?>
<testng-results ignored="0" total="10" passed="10" failed="0" skipped="0">
  <reporter-output>
  </reporter-output>
  <suite started-at="2026-08-08T11:12:25 IST" name="HybridSuite" finished-at="2026-08-08T11:12:45 IST" duration-ms="19455">
    <groups>
    </groups>
    <test started-at="2026-08-08T11:12:25 IST" name="SwagLoginTest" finished-at="2026-08-08T11:12:45 IST" duration-ms="19455">
      <class name="testFunctions.SwagLoginFunctions_Parallel">
        <test-method is-config="true" signature="browserLaunch()[pri:0, instance:testFunctions.SwagLoginFunctions_Parallel@384ad17b]" started-at="2026-08-08T11:12:26 IST" name="browserLaunch" finished-at="2026-08-08T11:12:36 IST" duration-ms="9583" status="PASS">
          <reporter-output>
          </reporter-output>
        </test-method> <!-- browserLaunch -->
        <test-method is-config="true" signature="browserLaunch()[pri:0, instance:testFunctions.SwagLoginFunctions_Parallel@384ad17b]" started-at="2026-08-08T11:12:26 IST" name="browserLaunch" finished-at="2026-08-08T11:12:35 IST" duration-ms="9145" status="PASS">
          <reporter-output>
          </reporter-output>
        </test-method> <!-- browserLaunch -->
        <test-method is-config="true" signature="browserLaunch()[pri:0, instance:testFunctions.SwagLoginFunctions_Parallel@384ad17b]" started-at="2026-08-08T11:12:26 IST" name="browserLaunch" finished-at="2026-08-08T11:12:39 IST" duration-ms="13092" status="PASS">
          <reporter-output>
          </reporter-output>
        </test-method> <!-- browserLaunch -->
        <test-method is-config="true" signature="browserLaunch()[pri:0, instance:testFunctions.SwagLoginFunctions_Parallel@384ad17b]" started-at="2026-08-08T11:12:26 IST" name="browserLaunch" finished-at="2026-08-08T11:12:39 IST" duration-ms="13156" status="PASS">
          <reporter-output>
          </reporter-output>
        </test-method> <!-- browserLaunch -->
        <test-method is-config="true" signature="browserLaunch()[pri:0, instance:testFunctions.SwagLoginFunctions_Parallel@384ad17b]" started-at="2026-08-08T11:12:26 IST" name="browserLaunch" finished-at="2026-08-08T11:12:38 IST" duration-ms="12497" status="PASS">
          <reporter-output>
          </reporter-output>
        </test-method> <!-- browserLaunch -->
        <test-method is-config="true" signature="browserLaunch()[pri:0, instance:testFunctions.SwagLoginFunctions_Parallel@384ad17b]" started-at="2026-08-08T11:12:26 IST" name="browserLaunch" finished-at="2026-08-08T11:12:39 IST" duration-ms="12742" status="PASS">
          <reporter-output>
          </reporter-output>
        </test-method> <!-- browserLaunch -->
        <test-method is-config="true" signature="browserLaunch()[pri:0, instance:testFunctions.SwagLoginFunctions_Parallel@384ad17b]" started-at="2026-08-08T11:12:26 IST" name="browserLaunch" finished-at="2026-08-08T11:12:39 IST" duration-ms="13101" status="PASS">
          <reporter-output>
          </reporter-output>
        </test-method> <!-- browserLaunch -->
        <test-method is-config="true" signature="browserLaunch()[pri:0, instance:testFunctions.SwagLoginFunctions_Parallel@384ad17b]" started-at="2026-08-08T11:12:26 IST" name="browserLaunch" finished-at="2026-08-08T11:12:38 IST" duration-ms="12061" status="PASS">
          <reporter-output>
          </reporter-output>
        </test-method> <!-- browserLaunch -->
        <test-method is-config="true" signature="browserLaunch()[pri:0, instance:testFunctions.SwagLoginFunctions_Parallel@384ad17b]" started-at="2026-08-08T11:12:26 IST" name="browserLaunch" finished-at="2026-08-08T11:12:39 IST" duration-ms="13409" status="PASS">
          <reporter-output>
          </reporter-output>
        </test-method> <!-- browserLaunch -->
        <test-method is-config="true" signature="browserLaunch()[pri:0, instance:testFunctions.SwagLoginFunctions_Parallel@384ad17b]" started-at="2026-08-08T11:12:26 IST" name="browserLaunch" finished-at="2026-08-08T11:12:36 IST" duration-ms="10409" status="PASS">
          <reporter-output>
          </reporter-output>
        </test-method> <!-- browserLaunch -->
        <test-method signature="loginTest(java.lang.String,java.lang.String)[pri:0, instance:testFunctions.SwagLoginFunctions_Parallel@384ad17b]" started-at="2026-08-08T11:12:35 IST" name="loginTest" data-provider="loginData" finished-at="2026-08-08T11:12:42 IST" duration-ms="6981" status="PASS">
          <params>
            <param index="0">
              <value>
                <![CDATA[test_invalid_user]]>
              </value>
            </param>
            <param index="1">
              <value>
                <![CDATA[]]>
              </value>
            </param>
          </params>
          <reporter-output>
          </reporter-output>
        </test-method> <!-- loginTest -->
        <test-method signature="loginTest(java.lang.String,java.lang.String)[pri:0, instance:testFunctions.SwagLoginFunctions_Parallel@384ad17b]" started-at="2026-08-08T11:12:36 IST" name="loginTest" data-provider="loginData" finished-at="2026-08-08T11:12:42 IST" duration-ms="6666" status="PASS">
          <params>
            <param index="0">
              <value>
                <![CDATA[standard_user]]>
              </value>
            </param>
            <param index="1">
              <value>
                <![CDATA[invalid_pwd]]>
              </value>
            </param>
          </params>
          <reporter-output>
          </reporter-output>
        </test-method> <!-- loginTest -->
        <test-method signature="loginTest(java.lang.String,java.lang.String)[pri:0, instance:testFunctions.SwagLoginFunctions_Parallel@384ad17b]" started-at="2026-08-08T11:12:36 IST" name="loginTest" data-provider="loginData" finished-at="2026-08-08T11:12:43 IST" duration-ms="6285" status="PASS">
          <params>
            <param index="0">
              <value>
                <![CDATA[standard_user]]>
              </value>
            </param>
            <param index="1">
              <value>
                <![CDATA[secret_sauce]]>
              </value>
            </param>
          </params>
          <reporter-output>
          </reporter-output>
        </test-method> <!-- loginTest -->
        <test-method signature="loginTest(java.lang.String,java.lang.String)[pri:0, instance:testFunctions.SwagLoginFunctions_Parallel@384ad17b]" started-at="2026-08-08T11:12:38 IST" name="loginTest" data-provider="loginData" finished-at="2026-08-08T11:12:42 IST" duration-ms="4509" status="PASS">
          <params>
            <param index="0">
              <value>
                <![CDATA[]]>
              </value>
            </param>
            <param index="1">
              <value>
                <![CDATA[invalid_pwd]]>
              </value>
            </param>
          </params>
          <reporter-output>
          </reporter-output>
        </test-method> <!-- loginTest -->
        <test-method signature="loginTest(java.lang.String,java.lang.String)[pri:0, instance:testFunctions.SwagLoginFunctions_Parallel@384ad17b]" started-at="2026-08-08T11:12:38 IST" name="loginTest" data-provider="loginData" finished-at="2026-08-08T11:12:42 IST" duration-ms="3393" status="PASS">
          <params>
            <param index="0">
              <value>
                <![CDATA[]]>
              </value>
            </param>
            <param index="1">
              <value>
                <![CDATA[]]>
              </value>
            </param>
          </params>
          <reporter-output>
          </reporter-output>
        </test-method> <!-- loginTest -->
        <test-method signature="loginTest(java.lang.String,java.lang.String)[pri:0, instance:testFunctions.SwagLoginFunctions_Parallel@384ad17b]" started-at="2026-08-08T11:12:39 IST" name="loginTest" data-provider="loginData" finished-at="2026-08-08T11:12:41 IST" duration-ms="2230" status="PASS">
          <params>
            <param index="0">
              <value>
                <![CDATA[test_invalid_user]]>
              </value>
            </param>
            <param index="1">
              <value>
                <![CDATA[invalid_pwd]]>
              </value>
            </param>
          </params>
          <reporter-output>
          </reporter-output>
        </test-method> <!-- loginTest -->
        <test-method signature="loginTest(java.lang.String,java.lang.String)[pri:0, instance:testFunctions.SwagLoginFunctions_Parallel@384ad17b]" started-at="2026-08-08T11:12:39 IST" name="loginTest" data-provider="loginData" finished-at="2026-08-08T11:12:42 IST" duration-ms="3339" status="PASS">
          <params>
            <param index="0">
              <value>
                <![CDATA[test_invalid_user]]>
              </value>
            </param>
            <param index="1">
              <value>
                <![CDATA[invalid_pwd]]>
              </value>
            </param>
          </params>
          <reporter-output>
          </reporter-output>
        </test-method> <!-- loginTest -->
        <test-method signature="loginTest(java.lang.String,java.lang.String)[pri:0, instance:testFunctions.SwagLoginFunctions_Parallel@384ad17b]" started-at="2026-08-08T11:12:39 IST" name="loginTest" data-provider="loginData" finished-at="2026-08-08T11:12:42 IST" duration-ms="3228" status="PASS">
          <params>
            <param index="0">
              <value>
                <![CDATA[test_invalid_user]]>
              </value>
            </param>
            <param index="1">
              <value>
                <![CDATA[standard_user]]>
              </value>
            </param>
          </params>
          <reporter-output>
          </reporter-output>
        </test-method> <!-- loginTest -->
        <test-method signature="loginTest(java.lang.String,java.lang.String)[pri:0, instance:testFunctions.SwagLoginFunctions_Parallel@384ad17b]" started-at="2026-08-08T11:12:39 IST" name="loginTest" data-provider="loginData" finished-at="2026-08-08T11:12:42 IST" duration-ms="3306" status="PASS">
          <params>
            <param index="0">
              <value>
                <![CDATA[standard_user]]>
              </value>
            </param>
            <param index="1">
              <value>
                <![CDATA[]]>
              </value>
            </param>
          </params>
          <reporter-output>
          </reporter-output>
        </test-method> <!-- loginTest -->
        <test-method signature="loginTest(java.lang.String,java.lang.String)[pri:0, instance:testFunctions.SwagLoginFunctions_Parallel@384ad17b]" started-at="2026-08-08T11:12:39 IST" name="loginTest" data-provider="loginData" finished-at="2026-08-08T11:12:42 IST" duration-ms="3107" status="PASS">
          <params>
            <param index="0">
              <value>
                <![CDATA[]]>
              </value>
            </param>
            <param index="1">
              <value>
                <![CDATA[standard_user]]>
              </value>
            </param>
          </params>
          <reporter-output>
          </reporter-output>
        </test-method> <!-- loginTest -->
        <test-method is-config="true" signature="closeBrowser()[pri:0, instance:testFunctions.SwagLoginFunctions_Parallel@384ad17b]" started-at="2026-08-08T11:12:41 IST" name="closeBrowser" finished-at="2026-08-08T11:12:44 IST" duration-ms="3273" status="PASS">
          <reporter-output>
          </reporter-output>
        </test-method> <!-- closeBrowser -->
        <test-method is-config="true" signature="closeBrowser()[pri:0, instance:testFunctions.SwagLoginFunctions_Parallel@384ad17b]" started-at="2026-08-08T11:12:42 IST" name="closeBrowser" finished-at="2026-08-08T11:12:44 IST" duration-ms="2668" status="PASS">
          <reporter-output>
          </reporter-output>
        </test-method> <!-- closeBrowser -->
        <test-method is-config="true" signature="closeBrowser()[pri:0, instance:testFunctions.SwagLoginFunctions_Parallel@384ad17b]" started-at="2026-08-08T11:12:42 IST" name="closeBrowser" finished-at="2026-08-08T11:12:44 IST" duration-ms="1748" status="PASS">
          <reporter-output>
          </reporter-output>
        </test-method> <!-- closeBrowser -->
        <test-method is-config="true" signature="closeBrowser()[pri:0, instance:testFunctions.SwagLoginFunctions_Parallel@384ad17b]" started-at="2026-08-08T11:12:42 IST" name="closeBrowser" finished-at="2026-08-08T11:12:44 IST" duration-ms="2070" status="PASS">
          <reporter-output>
          </reporter-output>
        </test-method> <!-- closeBrowser -->
        <test-method is-config="true" signature="closeBrowser()[pri:0, instance:testFunctions.SwagLoginFunctions_Parallel@384ad17b]" started-at="2026-08-08T11:12:42 IST" name="closeBrowser" finished-at="2026-08-08T11:12:44 IST" duration-ms="2012" status="PASS">
          <reporter-output>
          </reporter-output>
        </test-method> <!-- closeBrowser -->
        <test-method is-config="true" signature="closeBrowser()[pri:0, instance:testFunctions.SwagLoginFunctions_Parallel@384ad17b]" started-at="2026-08-08T11:12:42 IST" name="closeBrowser" finished-at="2026-08-08T11:12:44 IST" duration-ms="1890" status="PASS">
          <reporter-output>
          </reporter-output>
        </test-method> <!-- closeBrowser -->
        <test-method is-config="true" signature="closeBrowser()[pri:0, instance:testFunctions.SwagLoginFunctions_Parallel@384ad17b]" started-at="2026-08-08T11:12:42 IST" name="closeBrowser" finished-at="2026-08-08T11:12:44 IST" duration-ms="1863" status="PASS">
          <reporter-output>
          </reporter-output>
        </test-method> <!-- closeBrowser -->
        <test-method is-config="true" signature="closeBrowser()[pri:0, instance:testFunctions.SwagLoginFunctions_Parallel@384ad17b]" started-at="2026-08-08T11:12:42 IST" name="closeBrowser" finished-at="2026-08-08T11:12:44 IST" duration-ms="1871" status="PASS">
          <reporter-output>
          </reporter-output>
        </test-method> <!-- closeBrowser -->
        <test-method is-config="true" signature="closeBrowser()[pri:0, instance:testFunctions.SwagLoginFunctions_Parallel@384ad17b]" started-at="2026-08-08T11:12:42 IST" name="closeBrowser" finished-at="2026-08-08T11:12:44 IST" duration-ms="1753" status="PASS">
          <reporter-output>
          </reporter-output>
        </test-method> <!-- closeBrowser -->
        <test-method is-config="true" signature="closeBrowser()[pri:0, instance:testFunctions.SwagLoginFunctions_Parallel@384ad17b]" started-at="2026-08-08T11:12:43 IST" name="closeBrowser" finished-at="2026-08-08T11:12:44 IST" duration-ms="1622" status="PASS">
          <reporter-output>
          </reporter-output>
        </test-method> <!-- closeBrowser -->
      </class> <!-- testFunctions.SwagLoginFunctions_Parallel -->
    </test> <!-- SwagLoginTest -->
  </suite> <!-- HybridSuite -->
</testng-results>
