<?xml version="1.0" encoding="UTF-8"?>
<!-- Generated by org.testng.reporters.JUnitXMLReporter -->
<testsuite ignored="0" hostname="DESKTOP-DCUKDOL" failures="3" tests="4" name="Default test" time="46.344" errors="0" timestamp="2026-08-12T11:39:17 IST">
  <testcase classname="io.cucumber.testng.AbstractTestNGCucumberTests" name="runScenario" time="13.067"/>
  <testcase classname="io.cucumber.testng.AbstractTestNGCucumberTests" name="runScenario" time="10.75">
    <failure type="org.openqa.selenium.NoSuchElementException" message="no such element: Unable to locate element: {&amp;quot;method&amp;quot;:&amp;quot;xpath&amp;quot;,&amp;quot;selector&amp;quot;:&amp;quot;//span[text()=&amp;apos;Products&amp;apos;]&amp;quot;}
  (Session info: MicrosoftEdge=151.0.4129.78)
For documentation on this error, please visit: https://www.selenium.dev/documentation/webdriver/troubleshooting/errors#nosuchelementexception
Build info: version: &amp;apos;4.46.0&amp;apos;, revision: &amp;apos;df5a634 df5a6341cbb5f8f06b836bd595752775627c80dc&amp;apos;
System info: os.name: &amp;apos;Windows 11&amp;apos;, os.arch: &amp;apos;amd64&amp;apos;, os.version: &amp;apos;10.0&amp;apos;, java.version: &amp;apos;26.0.1&amp;apos;
Driver info: org.openqa.selenium.edge.EdgeDriver
Command: [21f00060313aba821ed0dd6fd0ddf026, findElement {value=//span[text()=&amp;apos;Products&amp;apos;], using=xpath}]
Capabilities {acceptInsecureCerts: false, browserName: MicrosoftEdge, browserVersion: 151.0.4129.78, fedcm:accounts: true, goog:processID: 3944, ms:edgeOptions: {debuggerAddress: localhost:60654}, msedge: {msedgedriverVersion: 151.0.4129.78 (dd5b3842e0c9..., userDataDir: C:\Users\HP\AppData\Local\T...}, networkConnectionEnabled: false, pageLoadStrategy: normal, platformName: windows, proxy: Proxy(), se:cdp: ws://localhost:60654/devtoo..., se:cdpVersion: 151.0.4129.78, setWindowRect: true, strictFileInteractability: false, timeouts: {implicit: 0, pageLoad: 300000, script: 30000}, unhandledPromptBehavior: dismiss and notify, webauthn:extension:credBlob: true, webauthn:extension:largeBlob: true, webauthn:extension:minPinLength: true, webauthn:extension:prf: true, webauthn:virtualAuthenticators: true}
Session ID: 21f00060313aba821ed0dd6fd0ddf026">
      <![CDATA[org.openqa.selenium.NoSuchElementException: no such element: Unable to locate element: {"method":"xpath","selector":"//span[text()='Products']"}
  (Session info: MicrosoftEdge=151.0.4129.78)
For documentation on this error, please visit: https://www.selenium.dev/documentation/webdriver/troubleshooting/errors#nosuchelementexception
Build info: version: '4.46.0', revision: 'df5a634 df5a6341cbb5f8f06b836bd595752775627c80dc'
System info: os.name: 'Windows 11', os.arch: 'amd64', os.version: '10.0', java.version: '26.0.1'
Driver info: org.openqa.selenium.edge.EdgeDriver
Command: [21f00060313aba821ed0dd6fd0ddf026, findElement {value=//span[text()='Products'], using=xpath}]
Capabilities {acceptInsecureCerts: false, browserName: MicrosoftEdge, browserVersion: 151.0.4129.78, fedcm:accounts: true, goog:processID: 3944, ms:edgeOptions: {debuggerAddress: localhost:60654}, msedge: {msedgedriverVersion: 151.0.4129.78 (dd5b3842e0c9..., userDataDir: C:\Users\HP\AppData\Local\T...}, networkConnectionEnabled: false, pageLoadStrategy: normal, platformName: windows, proxy: Proxy(), se:cdp: ws://localhost:60654/devtoo..., se:cdpVersion: 151.0.4129.78, setWindowRect: true, strictFileInteractability: false, timeouts: {implicit: 0, pageLoad: 300000, script: 30000}, unhandledPromptBehavior: dismiss and notify, webauthn:extension:credBlob: true, webauthn:extension:largeBlob: true, webauthn:extension:minPinLength: true, webauthn:extension:prf: true, webauthn:virtualAuthenticators: true}
Session ID: 21f00060313aba821ed0dd6fd0ddf026
at org.openqa.selenium.remote.ErrorCodec.decode(ErrorCodec.java:169)
at org.openqa.selenium.remote.codec.w3c.W3CHttpResponseCodec.decode(W3CHttpResponseCodec.java:143)
at org.openqa.selenium.remote.codec.w3c.W3CHttpResponseCodec.decode(W3CHttpResponseCodec.java:50)
at org.openqa.selenium.remote.HttpCommandExecutor.execute(HttpCommandExecutor.java:196)
at org.openqa.selenium.remote.service.DriverCommandExecutor.invokeExecute(DriverCommandExecutor.java:217)
at org.openqa.selenium.remote.service.DriverCommandExecutor.execute(DriverCommandExecutor.java:175)
at org.openqa.selenium.remote.RemoteWebDriver.execute(RemoteWebDriver.java:626)
at org.openqa.selenium.remote.ElementLocation$ElementFinder$2.findElement(ElementLocation.java:173)
at org.openqa.selenium.remote.ElementLocation.findElement(ElementLocation.java:60)
at org.openqa.selenium.remote.RemoteWebDriver.findElement(RemoteWebDriver.java:406)
at org.openqa.selenium.remote.RemoteWebDriver.findElement(RemoteWebDriver.java:400)
at stepDefinitions.SwagAllTestDataLogin.the_user_should_be_redirected_to_result_page(SwagAllTestDataLogin.java:46)
at ✽.The user should be redirected to result page(file:///C:/Users/HP/eclipse-workspace_233_234Batch/SampleBDDCucumberProject/src/test/resources/FeatureFiles/AllSwagTestData.feature:8)
]]>
    </failure>
  </testcase> <!-- runScenario -->
  <testcase classname="io.cucumber.testng.AbstractTestNGCucumberTests" name="runScenario" time="10.516">
    <failure type="org.openqa.selenium.NoSuchElementException" message="no such element: Unable to locate element: {&amp;quot;method&amp;quot;:&amp;quot;xpath&amp;quot;,&amp;quot;selector&amp;quot;:&amp;quot;//span[text()=&amp;apos;Products&amp;apos;]&amp;quot;}
  (Session info: MicrosoftEdge=151.0.4129.78)
For documentation on this error, please visit: https://www.selenium.dev/documentation/webdriver/troubleshooting/errors#nosuchelementexception
Build info: version: &amp;apos;4.46.0&amp;apos;, revision: &amp;apos;df5a634 df5a6341cbb5f8f06b836bd595752775627c80dc&amp;apos;
System info: os.name: &amp;apos;Windows 11&amp;apos;, os.arch: &amp;apos;amd64&amp;apos;, os.version: &amp;apos;10.0&amp;apos;, java.version: &amp;apos;26.0.1&amp;apos;
Driver info: org.openqa.selenium.edge.EdgeDriver
Command: [ff9242692af2830f774fd7e0a93ba87e, findElement {value=//span[text()=&amp;apos;Products&amp;apos;], using=xpath}]
Capabilities {acceptInsecureCerts: false, browserName: MicrosoftEdge, browserVersion: 151.0.4129.78, fedcm:accounts: true, goog:processID: 732, ms:edgeOptions: {debuggerAddress: localhost:64812}, msedge: {msedgedriverVersion: 151.0.4129.78 (dd5b3842e0c9..., userDataDir: C:\Users\HP\AppData\Local\T...}, networkConnectionEnabled: false, pageLoadStrategy: normal, platformName: windows, proxy: Proxy(), se:cdp: ws://localhost:64812/devtoo..., se:cdpVersion: 151.0.4129.78, setWindowRect: true, strictFileInteractability: false, timeouts: {implicit: 0, pageLoad: 300000, script: 30000}, unhandledPromptBehavior: dismiss and notify, webauthn:extension:credBlob: true, webauthn:extension:largeBlob: true, webauthn:extension:minPinLength: true, webauthn:extension:prf: true, webauthn:virtualAuthenticators: true}
Session ID: ff9242692af2830f774fd7e0a93ba87e">
      <![CDATA[org.openqa.selenium.NoSuchElementException: no such element: Unable to locate element: {"method":"xpath","selector":"//span[text()='Products']"}
  (Session info: MicrosoftEdge=151.0.4129.78)
For documentation on this error, please visit: https://www.selenium.dev/documentation/webdriver/troubleshooting/errors#nosuchelementexception
Build info: version: '4.46.0', revision: 'df5a634 df5a6341cbb5f8f06b836bd595752775627c80dc'
System info: os.name: 'Windows 11', os.arch: 'amd64', os.version: '10.0', java.version: '26.0.1'
Driver info: org.openqa.selenium.edge.EdgeDriver
Command: [ff9242692af2830f774fd7e0a93ba87e, findElement {value=//span[text()='Products'], using=xpath}]
Capabilities {acceptInsecureCerts: false, browserName: MicrosoftEdge, browserVersion: 151.0.4129.78, fedcm:accounts: true, goog:processID: 732, ms:edgeOptions: {debuggerAddress: localhost:64812}, msedge: {msedgedriverVersion: 151.0.4129.78 (dd5b3842e0c9..., userDataDir: C:\Users\HP\AppData\Local\T...}, networkConnectionEnabled: false, pageLoadStrategy: normal, platformName: windows, proxy: Proxy(), se:cdp: ws://localhost:64812/devtoo..., se:cdpVersion: 151.0.4129.78, setWindowRect: true, strictFileInteractability: false, timeouts: {implicit: 0, pageLoad: 300000, script: 30000}, unhandledPromptBehavior: dismiss and notify, webauthn:extension:credBlob: true, webauthn:extension:largeBlob: true, webauthn:extension:minPinLength: true, webauthn:extension:prf: true, webauthn:virtualAuthenticators: true}
Session ID: ff9242692af2830f774fd7e0a93ba87e
at org.openqa.selenium.remote.ErrorCodec.decode(ErrorCodec.java:169)
at org.openqa.selenium.remote.codec.w3c.W3CHttpResponseCodec.decode(W3CHttpResponseCodec.java:143)
at org.openqa.selenium.remote.codec.w3c.W3CHttpResponseCodec.decode(W3CHttpResponseCodec.java:50)
at org.openqa.selenium.remote.HttpCommandExecutor.execute(HttpCommandExecutor.java:196)
at org.openqa.selenium.remote.service.DriverCommandExecutor.invokeExecute(DriverCommandExecutor.java:217)
at org.openqa.selenium.remote.service.DriverCommandExecutor.execute(DriverCommandExecutor.java:175)
at org.openqa.selenium.remote.RemoteWebDriver.execute(RemoteWebDriver.java:626)
at org.openqa.selenium.remote.ElementLocation$ElementFinder$2.findElement(ElementLocation.java:173)
at org.openqa.selenium.remote.ElementLocation.findElement(ElementLocation.java:60)
at org.openqa.selenium.remote.RemoteWebDriver.findElement(RemoteWebDriver.java:406)
at org.openqa.selenium.remote.RemoteWebDriver.findElement(RemoteWebDriver.java:400)
at stepDefinitions.SwagAllTestDataLogin.the_user_should_be_redirected_to_result_page(SwagAllTestDataLogin.java:46)
at ✽.The user should be redirected to result page(file:///C:/Users/HP/eclipse-workspace_233_234Batch/SampleBDDCucumberProject/src/test/resources/FeatureFiles/AllSwagTestData.feature:8)
]]>
    </failure>
  </testcase> <!-- runScenario -->
  <testcase classname="io.cucumber.testng.AbstractTestNGCucumberTests" name="runScenario" time="10.871">
    <failure type="org.openqa.selenium.NoSuchElementException" message="no such element: Unable to locate element: {&amp;quot;method&amp;quot;:&amp;quot;xpath&amp;quot;,&amp;quot;selector&amp;quot;:&amp;quot;//span[text()=&amp;apos;Products&amp;apos;]&amp;quot;}
  (Session info: MicrosoftEdge=151.0.4129.78)
For documentation on this error, please visit: https://www.selenium.dev/documentation/webdriver/troubleshooting/errors#nosuchelementexception
Build info: version: &amp;apos;4.46.0&amp;apos;, revision: &amp;apos;df5a634 df5a6341cbb5f8f06b836bd595752775627c80dc&amp;apos;
System info: os.name: &amp;apos;Windows 11&amp;apos;, os.arch: &amp;apos;amd64&amp;apos;, os.version: &amp;apos;10.0&amp;apos;, java.version: &amp;apos;26.0.1&amp;apos;
Driver info: org.openqa.selenium.edge.EdgeDriver
Command: [c33cc91c13be8880fa1a2a72c3fcab1c, findElement {value=//span[text()=&amp;apos;Products&amp;apos;], using=xpath}]
Capabilities {acceptInsecureCerts: false, browserName: MicrosoftEdge, browserVersion: 151.0.4129.78, fedcm:accounts: true, goog:processID: 10648, ms:edgeOptions: {debuggerAddress: localhost:51886}, msedge: {msedgedriverVersion: 151.0.4129.78 (dd5b3842e0c9..., userDataDir: C:\Users\HP\AppData\Local\T...}, networkConnectionEnabled: false, pageLoadStrategy: normal, platformName: windows, proxy: Proxy(), se:cdp: ws://localhost:51886/devtoo..., se:cdpVersion: 151.0.4129.78, setWindowRect: true, strictFileInteractability: false, timeouts: {implicit: 0, pageLoad: 300000, script: 30000}, unhandledPromptBehavior: dismiss and notify, webauthn:extension:credBlob: true, webauthn:extension:largeBlob: true, webauthn:extension:minPinLength: true, webauthn:extension:prf: true, webauthn:virtualAuthenticators: true}
Session ID: c33cc91c13be8880fa1a2a72c3fcab1c">
      <![CDATA[org.openqa.selenium.NoSuchElementException: no such element: Unable to locate element: {"method":"xpath","selector":"//span[text()='Products']"}
  (Session info: MicrosoftEdge=151.0.4129.78)
For documentation on this error, please visit: https://www.selenium.dev/documentation/webdriver/troubleshooting/errors#nosuchelementexception
Build info: version: '4.46.0', revision: 'df5a634 df5a6341cbb5f8f06b836bd595752775627c80dc'
System info: os.name: 'Windows 11', os.arch: 'amd64', os.version: '10.0', java.version: '26.0.1'
Driver info: org.openqa.selenium.edge.EdgeDriver
Command: [c33cc91c13be8880fa1a2a72c3fcab1c, findElement {value=//span[text()='Products'], using=xpath}]
Capabilities {acceptInsecureCerts: false, browserName: MicrosoftEdge, browserVersion: 151.0.4129.78, fedcm:accounts: true, goog:processID: 10648, ms:edgeOptions: {debuggerAddress: localhost:51886}, msedge: {msedgedriverVersion: 151.0.4129.78 (dd5b3842e0c9..., userDataDir: C:\Users\HP\AppData\Local\T...}, networkConnectionEnabled: false, pageLoadStrategy: normal, platformName: windows, proxy: Proxy(), se:cdp: ws://localhost:51886/devtoo..., se:cdpVersion: 151.0.4129.78, setWindowRect: true, strictFileInteractability: false, timeouts: {implicit: 0, pageLoad: 300000, script: 30000}, unhandledPromptBehavior: dismiss and notify, webauthn:extension:credBlob: true, webauthn:extension:largeBlob: true, webauthn:extension:minPinLength: true, webauthn:extension:prf: true, webauthn:virtualAuthenticators: true}
Session ID: c33cc91c13be8880fa1a2a72c3fcab1c
at org.openqa.selenium.remote.ErrorCodec.decode(ErrorCodec.java:169)
at org.openqa.selenium.remote.codec.w3c.W3CHttpResponseCodec.decode(W3CHttpResponseCodec.java:143)
at org.openqa.selenium.remote.codec.w3c.W3CHttpResponseCodec.decode(W3CHttpResponseCodec.java:50)
at org.openqa.selenium.remote.HttpCommandExecutor.execute(HttpCommandExecutor.java:196)
at org.openqa.selenium.remote.service.DriverCommandExecutor.invokeExecute(DriverCommandExecutor.java:217)
at org.openqa.selenium.remote.service.DriverCommandExecutor.execute(DriverCommandExecutor.java:175)
at org.openqa.selenium.remote.RemoteWebDriver.execute(RemoteWebDriver.java:626)
at org.openqa.selenium.remote.ElementLocation$ElementFinder$2.findElement(ElementLocation.java:173)
at org.openqa.selenium.remote.ElementLocation.findElement(ElementLocation.java:60)
at org.openqa.selenium.remote.RemoteWebDriver.findElement(RemoteWebDriver.java:406)
at org.openqa.selenium.remote.RemoteWebDriver.findElement(RemoteWebDriver.java:400)
at stepDefinitions.SwagAllTestDataLogin.the_user_should_be_redirected_to_result_page(SwagAllTestDataLogin.java:46)
at ✽.The user should be redirected to result page(file:///C:/Users/HP/eclipse-workspace_233_234Batch/SampleBDDCucumberProject/src/test/resources/FeatureFiles/AllSwagTestData.feature:8)
]]>
    </failure>
  </testcase> <!-- runScenario -->
</testsuite> <!-- Default test -->
