<?xml version="1.0" encoding="UTF-8"?>
<!-- Generated by org.testng.reporters.JUnitReportReporter -->
<testsuite hostname="DESKTOP-DCUKDOL" failures="0" tests="7" name="dataDrivenFrameWork.SwagLogin_MultipleTestData_InsideScript_Without_DataPrivider_WithoutAnnotations" time="88.119" errors="0" timestamp="2026-08-04T12:07:14 IST" skipped="0">
  <testcase classname="dataDrivenFrameWork.SwagLogin_MultipleTestData_InsideScript_Without_DataPrivider_WithoutAnnotations" name="Swag_ValidValidLogin" time="13.602"/>
  <testcase classname="dataDrivenFrameWork.SwagLogin_MultipleTestData_InsideScript_Without_DataPrivider_WithoutAnnotations" name="Swag_ValidInValidLogin" time="12.428"/>
  <testcase classname="dataDrivenFrameWork.SwagLogin_MultipleTestData_InsideScript_Without_DataPrivider_WithoutAnnotations" name="Swag_InvalidValidLogin" time="12.404"/>
  <testcase classname="dataDrivenFrameWork.SwagLogin_MultipleTestData_InsideScript_Without_DataPrivider_WithoutAnnotations" name="Swag_InvalidInValidLogin" time="12.403"/>
  <testcase classname="dataDrivenFrameWork.SwagLogin_MultipleTestData_InsideScript_Without_DataPrivider_WithoutAnnotations" name="Swag_ValidBlankLogin" time="12.407"/>
  <testcase classname="dataDrivenFrameWork.SwagLogin_MultipleTestData_InsideScript_Without_DataPrivider_WithoutAnnotations" name="Swag_BlankValidLogin" time="12.442"/>
  <testcase classname="dataDrivenFrameWork.SwagLogin_MultipleTestData_InsideScript_Without_DataPrivider_WithoutAnnotations" name="Swag_BlankLogin" time="12.433"/>
</testsuite> <!-- dataDrivenFrameWork.SwagLogin_MultipleTestData_InsideScript_Without_DataPrivider_WithoutAnnotations -->
