<?xml version="1.0" encoding="UTF-8"?>
<!-- Generated by org.testng.reporters.JUnitReportReporter -->
<testsuite hostname="DESKTOP-DCUKDOL" failures="0" tests="10" name="dataDrivenFrameWork.SwagLogin_MultipleTestData_ExcelFile_With_DataPrivider" time="136.554" errors="0" timestamp="2026-08-05T11:37:47 IST" skipped="0">
  <testcase classname="dataDrivenFrameWork.SwagLogin_MultipleTestData_ExcelFile_With_DataPrivider" name="SwagLabLoginpage" time="13.553"/>
  <testcase classname="dataDrivenFrameWork.SwagLogin_MultipleTestData_ExcelFile_With_DataPrivider" name="SwagLabLoginpage" time="13.625"/>
  <testcase classname="dataDrivenFrameWork.SwagLogin_MultipleTestData_ExcelFile_With_DataPrivider" name="SwagLabLoginpage" time="13.605"/>
  <testcase classname="dataDrivenFrameWork.SwagLogin_MultipleTestData_ExcelFile_With_DataPrivider" name="SwagLabLoginpage" time="13.607"/>
  <testcase classname="dataDrivenFrameWork.SwagLogin_MultipleTestData_ExcelFile_With_DataPrivider" name="SwagLabLoginpage" time="13.595"/>
  <testcase classname="dataDrivenFrameWork.SwagLogin_MultipleTestData_ExcelFile_With_DataPrivider" name="SwagLabLoginpage" time="13.680"/>
  <testcase classname="dataDrivenFrameWork.SwagLogin_MultipleTestData_ExcelFile_With_DataPrivider" name="SwagLabLoginpage" time="13.647"/>
  <testcase classname="dataDrivenFrameWork.SwagLogin_MultipleTestData_ExcelFile_With_DataPrivider" name="SwagLabLoginpage" time="14.109"/>
  <testcase classname="dataDrivenFrameWork.SwagLogin_MultipleTestData_ExcelFile_With_DataPrivider" name="SwagLabLoginpage" time="13.583"/>
  <testcase classname="dataDrivenFrameWork.SwagLogin_MultipleTestData_ExcelFile_With_DataPrivider" name="SwagLabLoginpage" time="13.550"/>
</testsuite> <!-- dataDrivenFrameWork.SwagLogin_MultipleTestData_ExcelFile_With_DataPrivider -->
