<?xml version="1.0" encoding="UTF-8"?>
<!-- Generated by org.testng.reporters.JUnitReportReporter -->
<testsuite hostname="DESKTOP-DCUKDOL" failures="0" tests="7" name="dataDrivenFrameWork.SwagLogin_MultipleTestData_InsideScript_Without_DataPrivider" time="88.496" errors="0" timestamp="2026-08-04T12:04:53 IST" skipped="0">
  <testcase classname="dataDrivenFrameWork.SwagLogin_MultipleTestData_InsideScript_Without_DataPrivider" name="Swag_ValidValidLogin" time="12.634"/>
  <testcase classname="dataDrivenFrameWork.SwagLogin_MultipleTestData_InsideScript_Without_DataPrivider" name="Swag_ValidInValidLogin" time="13.379"/>
  <testcase classname="dataDrivenFrameWork.SwagLogin_MultipleTestData_InsideScript_Without_DataPrivider" name="Swag_InvalidValidLogin" time="12.595"/>
  <testcase classname="dataDrivenFrameWork.SwagLogin_MultipleTestData_InsideScript_Without_DataPrivider" name="Swag_InvalidInValidLogin" time="12.437"/>
  <testcase classname="dataDrivenFrameWork.SwagLogin_MultipleTestData_InsideScript_Without_DataPrivider" name="Swag_ValidBlankLogin" time="12.623"/>
  <testcase classname="dataDrivenFrameWork.SwagLogin_MultipleTestData_InsideScript_Without_DataPrivider" name="Swag_BlankValidLogin" time="12.404"/>
  <testcase classname="dataDrivenFrameWork.SwagLogin_MultipleTestData_InsideScript_Without_DataPrivider" name="Swag_BlankLogin" time="12.424"/>
</testsuite> <!-- dataDrivenFrameWork.SwagLogin_MultipleTestData_InsideScript_Without_DataPrivider -->
