<?xml version="1.0" encoding="UTF-8"?>
<!-- Generated by org.testng.reporters.JUnitReportReporter -->
<testsuite hostname="DESKTOP-DCUKDOL" failures="0" tests="7" name="dataDrivenFrameWork.SwagLogin_MultipleTestData_InsideScript_With_DataPrivider$DataProvider_Swag" time="82.294" errors="0" timestamp="2026-08-04T12:02:25 IST" skipped="0">
  <testcase classname="dataDrivenFrameWork.SwagLogin_MultipleTestData_InsideScript_With_DataPrivider$DataProvider_Swag" name="SwagLabLoginpage" time="12.207"/>
  <testcase classname="dataDrivenFrameWork.SwagLogin_MultipleTestData_InsideScript_With_DataPrivider$DataProvider_Swag" name="SwagLabLoginpage" time="11.629"/>
  <testcase classname="dataDrivenFrameWork.SwagLogin_MultipleTestData_InsideScript_With_DataPrivider$DataProvider_Swag" name="SwagLabLoginpage" time="11.751"/>
  <testcase classname="dataDrivenFrameWork.SwagLogin_MultipleTestData_InsideScript_With_DataPrivider$DataProvider_Swag" name="SwagLabLoginpage" time="11.457"/>
  <testcase classname="dataDrivenFrameWork.SwagLogin_MultipleTestData_InsideScript_With_DataPrivider$DataProvider_Swag" name="SwagLabLoginpage" time="11.481"/>
  <testcase classname="dataDrivenFrameWork.SwagLogin_MultipleTestData_InsideScript_With_DataPrivider$DataProvider_Swag" name="SwagLabLoginpage" time="11.423"/>
  <testcase classname="dataDrivenFrameWork.SwagLogin_MultipleTestData_InsideScript_With_DataPrivider$DataProvider_Swag" name="SwagLabLoginpage" time="12.346"/>
</testsuite> <!-- dataDrivenFrameWork.SwagLogin_MultipleTestData_InsideScript_With_DataPrivider$DataProvider_Swag -->
