<?xml version="1.0" encoding="UTF-8"?>
<!-- Generated by org.testng.reporters.JUnitReportReporter -->
<testsuite hostname="DESKTOP-DCUKDOL" failures="0" tests="6" name="working_with_excelfiles.Login$SwagTestData_ExcelSheets" time="57.234" errors="0" timestamp="2026-08-03T12:56:05 IST" skipped="0">
  <testcase classname="working_with_excelfiles.Login$SwagTestData_ExcelSheets" name="SwagLabsLogin" time="9.523"/>
  <testcase classname="working_with_excelfiles.Login$SwagTestData_ExcelSheets" name="SwagLabsLogin" time="9.243"/>
  <testcase classname="working_with_excelfiles.Login$SwagTestData_ExcelSheets" name="SwagLabsLogin" time="9.283"/>
  <testcase classname="working_with_excelfiles.Login$SwagTestData_ExcelSheets" name="SwagLabsLogin" time="9.532"/>
  <testcase classname="working_with_excelfiles.Login$SwagTestData_ExcelSheets" name="SwagLabsLogin" time="9.656"/>
  <testcase classname="working_with_excelfiles.Login$SwagTestData_ExcelSheets" name="SwagLabsLogin" time="9.997"/>
</testsuite> <!-- working_with_excelfiles.Login$SwagTestData_ExcelSheets -->
