<?xml version="1.0" encoding="UTF-8"?>
<!-- Generated by org.testng.reporters.JUnitReportReporter -->
<testsuite hostname="DESKTOP-DCUKDOL" failures="0" tests="10" name="dataDrivenFrameWork.SwagLogin_MultipleTestData_ExcelFile_With_DataPrivider$DataProvider_Swag" time="116.815" errors="0" timestamp="2026-08-05T11:16:45 IST" skipped="0">
  <testcase classname="dataDrivenFrameWork.SwagLogin_MultipleTestData_ExcelFile_With_DataPrivider$DataProvider_Swag" name="SwagLabLoginpage" time="11.581"/>
  <testcase classname="dataDrivenFrameWork.SwagLogin_MultipleTestData_ExcelFile_With_DataPrivider$DataProvider_Swag" name="SwagLabLoginpage" time="11.680"/>
  <testcase classname="dataDrivenFrameWork.SwagLogin_MultipleTestData_ExcelFile_With_DataPrivider$DataProvider_Swag" name="SwagLabLoginpage" time="11.666"/>
  <testcase classname="dataDrivenFrameWork.SwagLogin_MultipleTestData_ExcelFile_With_DataPrivider$DataProvider_Swag" name="SwagLabLoginpage" time="11.670"/>
  <testcase classname="dataDrivenFrameWork.SwagLogin_MultipleTestData_ExcelFile_With_DataPrivider$DataProvider_Swag" name="SwagLabLoginpage" time="11.565"/>
  <testcase classname="dataDrivenFrameWork.SwagLogin_MultipleTestData_ExcelFile_With_DataPrivider$DataProvider_Swag" name="SwagLabLoginpage" time="11.571"/>
  <testcase classname="dataDrivenFrameWork.SwagLogin_MultipleTestData_ExcelFile_With_DataPrivider$DataProvider_Swag" name="SwagLabLoginpage" time="11.583"/>
  <testcase classname="dataDrivenFrameWork.SwagLogin_MultipleTestData_ExcelFile_With_DataPrivider$DataProvider_Swag" name="SwagLabLoginpage" time="12.277"/>
  <testcase classname="dataDrivenFrameWork.SwagLogin_MultipleTestData_ExcelFile_With_DataPrivider$DataProvider_Swag" name="SwagLabLoginpage" time="11.603"/>
  <testcase classname="dataDrivenFrameWork.SwagLogin_MultipleTestData_ExcelFile_With_DataPrivider$DataProvider_Swag" name="SwagLabLoginpage" time="11.619"/>
</testsuite> <!-- dataDrivenFrameWork.SwagLogin_MultipleTestData_ExcelFile_With_DataPrivider$DataProvider_Swag -->
