<?xml version="1.0" encoding="UTF-8"?>
<!-- Generated by org.testng.reporters.JUnitReportReporter -->
<testsuite hostname="DESKTOP-DCUKDOL" failures="0" tests="3" name="testNg_Scripts.SwagLogin_TestNGAnnotations" time="42.675" errors="0" timestamp="2026-07-24T11:55:12 IST" skipped="0">
  <testcase classname="testNg_Scripts.SwagLogin_TestNGAnnotations" name="Swag_ValidLogin" time="14.993"/>
  <testcase classname="testNg_Scripts.SwagLogin_TestNGAnnotations" name="Swag_InValidLogin" time="13.441"/>
  <testcase classname="testNg_Scripts.SwagLogin_TestNGAnnotations" name="Swag_BlankLogin" time="14.241"/>
</testsuite> <!-- testNg_Scripts.SwagLogin_TestNGAnnotations -->
