<?xml version="1.0" encoding="UTF-8"?>
<!-- Generated by org.testng.reporters.JUnitReportReporter -->
<testsuite hostname="DESKTOP-DCUKDOL" failures="0" tests="3" name="testNg_Scripts.SampleTestNG" time="0.020" errors="0" timestamp="2026-07-24T11:11:10 IST" skipped="1">
  <testcase classname="testNg_Scripts.SampleTestNG" name="India" time="0.017"/>
  <testcase classname="testNg_Scripts.SampleTestNG" name="Telengana" time="0.003"/>
  <testcase classname="testNg_Scripts.SampleTestNG" name="Hyderabad">
    <skipped/>
  </testcase> <!-- Hyderabad -->
</testsuite> <!-- testNg_Scripts.SampleTestNG -->
