<?xml version="1.0" encoding="UTF-8"?>
<!-- Generated by org.testng.reporters.JUnitReportReporter -->
<testsuite hostname="DESKTOP-DCUKDOL" failures="0" tests="5" name="dataDrivenFrameWork.SwagLoginScript_DataProvider" time="47.109" errors="0" timestamp="2026-08-04T12:32:16 IST" skipped="0">
  <testcase classname="dataDrivenFrameWork.SwagLoginScript_DataProvider" name="loginTest" time="9.324"/>
  <testcase classname="dataDrivenFrameWork.SwagLoginScript_DataProvider" name="loginTest" time="9.717"/>
  <testcase classname="dataDrivenFrameWork.SwagLoginScript_DataProvider" name="loginTest" time="9.450"/>
  <testcase classname="dataDrivenFrameWork.SwagLoginScript_DataProvider" name="loginTest" time="9.394"/>
  <testcase classname="dataDrivenFrameWork.SwagLoginScript_DataProvider" name="loginTest" time="9.224"/>
</testsuite> <!-- dataDrivenFrameWork.SwagLoginScript_DataProvider -->
