<?xml version="1.0" encoding="UTF-8"?>
<!-- Generated by org.testng.reporters.JUnitXMLReporter -->
<testsuite ignored="0" hostname="DESKTOP-DCUKDOL" failures="1" tests="3" name="Swag_AllTests" time="22.096" errors="0" timestamp="2026-07-27T12:00:37 IST">
  <testcase classname="testNg_Suit.Swag_InValidLogin" name="@BeforeMethod BrowserConfig" time="0.001">
    <failure type="java.lang.Error" message="Unresolved compilation problem: 
	Syntax error, insert &amp;quot;;&amp;quot; to complete Statement
">
      <![CDATA[java.lang.Error: Unresolved compilation problem: 
Syntax error, insert ";" to complete Statement

at testNg_Suit.Swag_InValidLogin.BrowserConfig(Swag_InValidLogin.java:24)
at java.base/java.util.ArrayList.forEach(ArrayList.java:1604)
... Removed 29 stack frames]]>
    </failure>
  </testcase> <!-- @BeforeMethod BrowserConfig -->
  <testcase classname="testNg_Suit.Swag_InValidLogin" name="@AfterMethod BrowserTearDown" time="0.0">
    <skipped/>
  </testcase> <!-- @AfterMethod BrowserTearDown -->
  <testcase classname="testNg_Suit.Swag_ValidLogin" name="Swag_ValidValidLogin" time="6.593"/>
  <testcase classname="testNg_Suit.Swag_InValidLogin" name="Swag_InValidInValidLogin" time="0.001">
    <skipped/>
  </testcase> <!-- Swag_InValidInValidLogin -->
  <testcase classname="testNg_Suit.Swag_BlankLogin" name="Swag_BlankBlankLogin" time="0.004">
    <failure type="java.lang.Error" message="Unresolved compilation problem: 
	Syntax error, insert &amp;quot;;&amp;quot; to complete Statement
">
      <![CDATA[java.lang.Error: Unresolved compilation problem: 
Syntax error, insert ";" to complete Statement

at testNg_Suit.Swag_BlankLogin.Swag_BlankBlankLogin(Swag_BlankLogin.java:40)
at java.base/java.util.ArrayList.forEach(ArrayList.java:1604)
... Removed 25 stack frames]]>
    </failure>
  </testcase> <!-- Swag_BlankBlankLogin -->
</testsuite> <!-- Swag_AllTests -->
