<?xml version="1.0" encoding="UTF-8"?>
<!-- Generated by org.testng.reporters.JUnitXMLReporter -->
<testsuite ignored="0" hostname="DESKTOP-DCUKDOL" failures="0" tests="10" name="SwagLoginTest" time="19.455" errors="0" timestamp="2026-08-08T11:12:45 IST">
  <testcase classname="testFunctions.SwagLoginFunctions_Parallel" name="loginTest" time="2.23"/>
  <testcase classname="testFunctions.SwagLoginFunctions_Parallel" name="loginTest" time="3.393"/>
  <testcase classname="testFunctions.SwagLoginFunctions_Parallel" name="loginTest" time="6.981"/>
  <testcase classname="testFunctions.SwagLoginFunctions_Parallel" name="loginTest" time="6.666"/>
  <testcase classname="testFunctions.SwagLoginFunctions_Parallel" name="loginTest" time="3.228"/>
  <testcase classname="testFunctions.SwagLoginFunctions_Parallel" name="loginTest" time="3.339"/>
  <testcase classname="testFunctions.SwagLoginFunctions_Parallel" name="loginTest" time="3.306"/>
  <testcase classname="testFunctions.SwagLoginFunctions_Parallel" name="loginTest" time="3.107"/>
  <testcase classname="testFunctions.SwagLoginFunctions_Parallel" name="loginTest" time="4.509"/>
  <testcase classname="testFunctions.SwagLoginFunctions_Parallel" name="loginTest" time="6.285"/>
</testsuite> <!-- SwagLoginTest -->
