<?xml version="1.0" encoding="UTF-8"?>
<!-- Generated by org.testng.reporters.JUnitXMLReporter -->
<testsuite ignored="0" hostname="DESKTOP-DCUKDOL" failures="0" tests="3" name="OOPSTest" time="42.718" errors="0" timestamp="2026-07-27T12:21:24 IST">
  <testcase classname="swagWith_OOPS.Swag_InValidLogin" name="Swag_InValidInValidLogin" time="6.483"/>
  <testcase classname="swagWith_OOPS.Swag_BlankLogin" name="Swag_BlankBlankLogin" time="6.402"/>
  <testcase classname="swagWith_OOPS.Swag_ValidLogin" name="Swag_ValidValidLogin" time="6.604"/>
</testsuite> <!-- OOPSTest -->
