<?xml version="1.0" encoding="UTF-8"?>
<!-- Generated by org.testng.reporters.JUnitReportReporter -->
<testsuite hostname="DESKTOP-DCUKDOL" failures="0" tests="10" name="runner.TestNGRunner" time="176.345" errors="0" timestamp="2026-08-12T12:10:01 IST" skipped="0">
  <testcase classname="runner.TestNGRunner" name="runScenario" time="17.032"/>
  <testcase classname="runner.TestNGRunner" name="runScenario" time="16.954"/>
  <testcase classname="runner.TestNGRunner" name="runScenario" time="17.130"/>
  <testcase classname="runner.TestNGRunner" name="runScenario" time="16.834"/>
  <testcase classname="runner.TestNGRunner" name="runScenario" time="16.818"/>
  <testcase classname="runner.TestNGRunner" name="runScenario" time="17.293"/>
  <testcase classname="runner.TestNGRunner" name="runScenario" time="16.750"/>
  <testcase classname="runner.TestNGRunner" name="runScenario" time="17.219"/>
  <testcase classname="runner.TestNGRunner" name="runScenario" time="23.184"/>
  <testcase classname="runner.TestNGRunner" name="runScenario" time="17.131"/>
</testsuite> <!-- runner.TestNGRunner -->
