<?xml version="1.0" encoding="UTF-8"?>
<!-- Generated by org.testng.reporters.JUnitXMLReporter -->
<testsuite ignored="0" hostname="DESKTOP-DCUKDOL" failures="0" tests="10" name="Default test" time="77.013" errors="0" timestamp="2026-08-06T11:57:38 IST">
  <testcase classname="test.TestClass" name="loginTest" time="2.38"/>
  <testcase classname="test.TestClass" name="loginTest" time="2.271"/>
  <testcase classname="test.TestClass" name="loginTest" time="2.218"/>
  <testcase classname="test.TestClass" name="loginTest" time="2.235"/>
  <testcase classname="test.TestClass" name="loginTest" time="2.163"/>
  <testcase classname="test.TestClass" name="loginTest" time="2.231"/>
  <testcase classname="test.TestClass" name="loginTest" time="2.198"/>
  <testcase classname="test.TestClass" name="loginTest" time="2.188"/>
  <testcase classname="test.TestClass" name="loginTest" time="2.234"/>
  <testcase classname="test.TestClass" name="loginTest" time="2.202"/>
</testsuite> <!-- Default test -->
