<?xml version="1.0" encoding="UTF-8"?>
<!-- Generated by org.testng.reporters.JUnitXMLReporter -->
<testsuite ignored="0" hostname="DESKTOP-DCUKDOL" failures="0" tests="3" name="Default test" time="42.748" errors="0" timestamp="2026-07-24T11:55:12 IST">
  <testcase classname="testNg_Scripts.SwagLogin_TestNGAnnotations" name="Swag_ValidLogin" time="6.574"/>
  <testcase classname="testNg_Scripts.SwagLogin_TestNGAnnotations" name="Swag_InValidLogin" time="6.568"/>
  <testcase classname="testNg_Scripts.SwagLogin_TestNGAnnotations" name="Swag_BlankLogin" time="6.404"/>
</testsuite> <!-- Default test -->
