<?xml version="1.0" encoding="UTF-8"?>
<!-- Generated by org.testng.reporters.JUnitXMLReporter -->
<testsuite ignored="0" hostname="DESKTOP-DCUKDOL" failures="0" tests="10" name="Default test" time="137.265" errors="0" timestamp="2026-08-05T11:37:47 IST">
  <testcase classname="dataDrivenFrameWork.SwagLogin_MultipleTestData_ExcelFile_With_DataPrivider" name="SwagLabLoginpage" time="8.273"/>
  <testcase classname="dataDrivenFrameWork.SwagLogin_MultipleTestData_ExcelFile_With_DataPrivider" name="SwagLabLoginpage" time="8.229"/>
  <testcase classname="dataDrivenFrameWork.SwagLogin_MultipleTestData_ExcelFile_With_DataPrivider" name="SwagLabLoginpage" time="8.22"/>
  <testcase classname="dataDrivenFrameWork.SwagLogin_MultipleTestData_ExcelFile_With_DataPrivider" name="SwagLabLoginpage" time="8.194"/>
  <testcase classname="dataDrivenFrameWork.SwagLogin_MultipleTestData_ExcelFile_With_DataPrivider" name="SwagLabLoginpage" time="8.178"/>
  <testcase classname="dataDrivenFrameWork.SwagLogin_MultipleTestData_ExcelFile_With_DataPrivider" name="SwagLabLoginpage" time="8.2"/>
  <testcase classname="dataDrivenFrameWork.SwagLogin_MultipleTestData_ExcelFile_With_DataPrivider" name="SwagLabLoginpage" time="8.166"/>
  <testcase classname="dataDrivenFrameWork.SwagLogin_MultipleTestData_ExcelFile_With_DataPrivider" name="SwagLabLoginpage" time="8.183"/>
  <testcase classname="dataDrivenFrameWork.SwagLogin_MultipleTestData_ExcelFile_With_DataPrivider" name="SwagLabLoginpage" time="8.177"/>
  <testcase classname="dataDrivenFrameWork.SwagLogin_MultipleTestData_ExcelFile_With_DataPrivider" name="SwagLabLoginpage" time="8.197"/>
</testsuite> <!-- Default test -->
