<?xml version="1.0" encoding="UTF-8"?>
<!-- Generated by org.testng.reporters.JUnitReportReporter -->
<testsuite hostname="DESKTOP-DCUKDOL" failures="0" tests="10" name="testFunctions.SwagLoginFunctions_Parallel" time="183.009" errors="0" timestamp="2026-08-08T11:12:45 IST" skipped="0">
  <testcase classname="testFunctions.SwagLoginFunctions_Parallel" name="loginTest" time="16.162"/>
  <testcase classname="testFunctions.SwagLoginFunctions_Parallel" name="loginTest" time="21.063"/>
  <testcase classname="testFunctions.SwagLoginFunctions_Parallel" name="loginTest" time="19.910"/>
  <testcase classname="testFunctions.SwagLoginFunctions_Parallel" name="loginTest" time="21.341"/>
  <testcase classname="testFunctions.SwagLoginFunctions_Parallel" name="loginTest" time="15.557"/>
  <testcase classname="testFunctions.SwagLoginFunctions_Parallel" name="loginTest" time="15.550"/>
  <testcase classname="testFunctions.SwagLoginFunctions_Parallel" name="loginTest" time="17.881"/>
  <testcase classname="testFunctions.SwagLoginFunctions_Parallel" name="loginTest" time="18.089"/>
  <testcase classname="testFunctions.SwagLoginFunctions_Parallel" name="loginTest" time="18.093"/>
  <testcase classname="testFunctions.SwagLoginFunctions_Parallel" name="loginTest" time="19.363"/>
</testsuite> <!-- testFunctions.SwagLoginFunctions_Parallel -->
